17:51:13.070 [JavaFX Application Thread] INFO  org.example.fotosappsaa.controller.ImageController - Imagen NBX_Snapshot_2024-01-24_10-28-31-823.png procesada con éxito. Filtros aplicados: BRIGHT 
17:51:46.664 [JavaFX Application Thread] INFO  org.example.fotosappsaa.controller.ImageController - Imagen NBX_Snapshot_2024-01-24_10-28-31-823.png guardada con éxito en C:/Users/javie/IdeaProjects/FotosAppsAA/FOTOS PROCESADAS/6f240f35-d32d-4c38-bf3c-153959bdca76_modificada.jpg
19:34:14.277 [JavaFX Application Thread] INFO  org.example.fotosappsaa.controller.ImageController - Imagen NBX_Snapshot_2024-01-24_10-28-31-823.png procesada con éxito. Filtros aplicados: BRIGHT 
19:35:40.334 [JavaFX Application Thread] INFO  org.example.fotosappsaa.controller.ImageController - Imagen NBX_Snapshot_2024-01-24_10-28-31-823.png procesada con éxito. Filtros aplicados: BRIGHT 
19:54:41.528 [JavaFX Application Thread] WARN  org.example.fotosappsaa.controller.ImageController - Proceso de la imagen NBX_Snapshot_2024-01-24_10-28-31-823.png cancelado.
19:55:36.405 [JavaFX Application Thread] INFO  org.example.fotosappsaa.controller.ImageController - Imagen calamar-juego-kpYC--1248x698@abc.jpg procesada con éxito. Filtros aplicados: GREYSCALE 
19:55:37.111 [JavaFX Application Thread] INFO  org.example.fotosappsaa.controller.ImageController - Imagen f.elconfidencial.com_original_cff_223_3ae_cff2233aebb9af88415ba983f593a388.jpg procesada con éxito. Filtros aplicados: GREYSCALE 
19:55:42.863 [JavaFX Application Thread] INFO  org.example.fotosappsaa.controller.ImageController - Imagen el-juego-del-calamar.jpg procesada con éxito. Filtros aplicados: GREYSCALE 
19:55:47.434 [JavaFX Application Thread] INFO  org.example.fotosappsaa.controller.ImageController - Imagen ca-times.brightspotcdn.jpg procesada con éxito. Filtros aplicados: GREYSCALE 
19:56:03.313 [JavaFX Application Thread] INFO  org.example.fotosappsaa.controller.ImageController - Imagen calamar-juego-kpYC--1248x698@abc.jpg procesada con éxito. Filtros aplicados: GREYSCALE BRIGHT INVERTED 
19:56:03.867 [JavaFX Application Thread] INFO  org.example.fotosappsaa.controller.ImageController - Imagen f.elconfidencial.com_original_cff_223_3ae_cff2233aebb9af88415ba983f593a388.jpg procesada con éxito. Filtros aplicados: GREYSCALE BRIGHT INVERTED 
19:56:06.941 [JavaFX Application Thread] INFO  org.example.fotosappsaa.controller.ImageController - Imagen calamar-juego-kpYC--1248x698@abc.jpg procesada con éxito. Filtros aplicados: GREYSCALE BRIGHT INVERTED 
19:56:49.457 [JavaFX Application Thread] INFO  org.example.fotosappsaa.controller.ImageController - Imagen f.elconfidencial.com_original_cff_223_3ae_cff2233aebb9af88415ba983f593a388.jpg procesada con éxito. Filtros aplicados: GREYSCALE 
19:56:57.520 [JavaFX Application Thread] INFO  org.example.fotosappsaa.controller.ImageController - Imagen el-juego-del-calamar.jpg procesada con éxito. Filtros aplicados: GREYSCALE 
19:56:57.838 [JavaFX Application Thread] INFO  org.example.fotosappsaa.controller.ImageController - Imagen calamar-juego-kpYC--1248x698@abc.jpg procesada con éxito. Filtros aplicados: GREYSCALE 
19:57:57.705 [JavaFX Application Thread] INFO  org.example.fotosappsaa.controller.ImageController - Imagen ca-times.brightspotcdn.jpg procesada con éxito. Filtros aplicados: GREYSCALE 
19:58:53.563 [JavaFX Application Thread] WARN  org.example.fotosappsaa.controller.ImageController - Proceso de la imagen calamar-juego-kpYC--1248x698@abc.jpg cancelado.
19:58:58.389 [JavaFX Application Thread] INFO  org.example.fotosappsaa.controller.ImageController - Imagen f.elconfidencial.com_original_cff_223_3ae_cff2233aebb9af88415ba983f593a388.jpg procesada con éxito. Filtros aplicados: GREYSCALE 
20:01:56.137 [JavaFX Application Thread] INFO  org.example.fotosappsaa.controller.ImageController - Imagen f.elconfidencial.com_original_cff_223_3ae_cff2233aebb9af88415ba983f593a388.jpg procesada con éxito. Filtros aplicados: INVERTED 
20:02:03.623 [JavaFX Application Thread] INFO  org.example.fotosappsaa.controller.ImageController - Imagen el-juego-del-calamar.jpg procesada con éxito. Filtros aplicados: BRIGHT 
20:02:03.979 [JavaFX Application Thread] INFO  org.example.fotosappsaa.controller.ImageController - Imagen calamar-juego-kpYC--1248x698@abc.jpg procesada con éxito. Filtros aplicados: BRIGHT 
20:02:49.450 [JavaFX Application Thread] INFO  org.example.fotosappsaa.controller.ImageController - Imagen f.elconfidencial.com_original_cff_223_3ae_cff2233aebb9af88415ba983f593a388.jpg procesada con éxito. Filtros aplicados: INVERTED 
20:02:56.806 [JavaFX Application Thread] INFO  org.example.fotosappsaa.controller.ImageController - Imagen el-juego-del-calamar.jpg procesada con éxito. Filtros aplicados: BRIGHT 
20:02:57.336 [JavaFX Application Thread] INFO  org.example.fotosappsaa.controller.ImageController - Imagen calamar-juego-kpYC--1248x698@abc.jpg procesada con éxito. Filtros aplicados: INVERTED 
20:52:03.259 [JavaFX Application Thread] INFO  org.example.fotosappsaa.controller.ImageController - Imagen calamar-juego-kpYC--1248x698@abc.jpg procesada con éxito. Filtros aplicados: GREYSCALE 
20:52:03.977 [JavaFX Application Thread] INFO  org.example.fotosappsaa.controller.ImageController - Imagen f.elconfidencial.com_original_cff_223_3ae_cff2233aebb9af88415ba983f593a388.jpg procesada con éxito. Filtros aplicados: BRIGHT 
20:52:10.237 [JavaFX Application Thread] INFO  org.example.fotosappsaa.controller.ImageController - Imagen el-juego-del-calamar.jpg procesada con éxito. Filtros aplicados: INVERTED 
20:58:01.092 [JavaFX Application Thread] INFO  org.example.fotosappsaa.controller.ImageController - Imagen calamar-juego-kpYC--1248x698@abc.jpg procesada con éxito. Filtros aplicados: GREYSCALE 
20:58:01.630 [JavaFX Application Thread] INFO  org.example.fotosappsaa.controller.ImageController - Imagen f.elconfidencial.com_original_cff_223_3ae_cff2233aebb9af88415ba983f593a388.jpg procesada con éxito. Filtros aplicados: GREYSCALE 
21:09:01.667 [JavaFX Application Thread] INFO  org.example.fotosappsaa.controller.ImageController - Imagen f.elconfidencial.com_original_cff_223_3ae_cff2233aebb9af88415ba983f593a388.jpg procesada con éxito. Filtros aplicados: GREYSCALE 
21:12:22.057 [JavaFX Application Thread] INFO  org.example.fotosappsaa.controller.ImageController - Imagen f.elconfidencial.com_original_cff_223_3ae_cff2233aebb9af88415ba983f593a388.jpg procesada con éxito. Filtros aplicados: GREYSCALE 
21:12:29.654 [JavaFX Application Thread] INFO  org.example.fotosappsaa.controller.ImageController - Imagen el-juego-del-calamar.jpg procesada con éxito. Filtros aplicados: GREYSCALE 
21:12:30.310 [JavaFX Application Thread] INFO  org.example.fotosappsaa.controller.ImageController - Imagen calamar-juego-kpYC--1248x698@abc.jpg procesada con éxito. Filtros aplicados: GREYSCALE 
21:12:40.863 [JavaFX Application Thread] INFO  org.example.fotosappsaa.controller.ImageController - Imagen calamar-juego-kpYC--1248x698@abc.jpg procesada con éxito. Filtros aplicados: GREYSCALE 
21:12:50.816 [JavaFX Application Thread] INFO  org.example.fotosappsaa.controller.ImageController - Imagen f.elconfidencial.com_original_cff_223_3ae_cff2233aebb9af88415ba983f593a388.jpg procesada con éxito. Filtros aplicados: GREYSCALE 
21:12:51.774 [JavaFX Application Thread] INFO  org.example.fotosappsaa.controller.ImageController - Imagen el-juego-del-calamar.jpg procesada con éxito. Filtros aplicados: GREYSCALE 
21:14:15.448 [JavaFX Application Thread] INFO  org.example.fotosappsaa.controller.ImageController - Imagen f.elconfidencial.com_original_cff_223_3ae_cff2233aebb9af88415ba983f593a388.jpg procesada con éxito. Filtros aplicados: GREYSCALE 
21:14:23.248 [JavaFX Application Thread] INFO  org.example.fotosappsaa.controller.ImageController - Imagen el-juego-del-calamar.jpg procesada con éxito. Filtros aplicados: GREYSCALE 
21:14:23.767 [JavaFX Application Thread] INFO  org.example.fotosappsaa.controller.ImageController - Imagen calamar-juego-kpYC--1248x698@abc.jpg procesada con éxito. Filtros aplicados: GREYSCALE 
21:14:42.581 [JavaFX Application Thread] INFO  org.example.fotosappsaa.controller.ImageController - Imagen calamar-juego-kpYC--1248x698@abc.jpg procesada con éxito. Filtros aplicados: GREYSCALE 
21:14:54.056 [JavaFX Application Thread] INFO  org.example.fotosappsaa.controller.ImageController - Imagen calamar-juego-kpYC--1248x698@abc.jpg procesada con éxito. Filtros aplicados: GREYSCALE BRIGHT INVERTED 
21:14:59.777 [JavaFX Application Thread] INFO  org.example.fotosappsaa.controller.ImageController - Imagen el-juego-del-calamar.jpg procesada con éxito. Filtros aplicados: GREYSCALE BRIGHT INVERTED 
21:15:02.059 [JavaFX Application Thread] INFO  org.example.fotosappsaa.controller.ImageController - Imagen f.elconfidencial.com_original_cff_223_3ae_cff2233aebb9af88415ba983f593a388.jpg procesada con éxito. Filtros aplicados: GREYSCALE BRIGHT INVERTED 
21:15:07.579 [JavaFX Application Thread] INFO  org.example.fotosappsaa.controller.ImageController - Imagen ca-times.brightspotcdn.jpg procesada con éxito. Filtros aplicados: BRIGHT INVERTED 
21:15:21.705 [JavaFX Application Thread] INFO  org.example.fotosappsaa.controller.ImageController - Imagen f.elconfidencial.com_original_cff_223_3ae_cff2233aebb9af88415ba983f593a388.jpg procesada con éxito. Filtros aplicados: GREYSCALE 
21:15:23.206 [JavaFX Application Thread] INFO  org.example.fotosappsaa.controller.ImageController - Imagen calamar-juego-kpYC--1248x698@abc.jpg procesada con éxito. Filtros aplicados: GREYSCALE 
21:15:29.929 [JavaFX Application Thread] INFO  org.example.fotosappsaa.controller.ImageController - Imagen el-juego-del-calamar.jpg procesada con éxito. Filtros aplicados: GREYSCALE 
21:15:36.158 [JavaFX Application Thread] INFO  org.example.fotosappsaa.controller.ImageController - Imagen calamar-juego-kpYC--1248x698@abc.jpg procesada con éxito. Filtros aplicados: GREYSCALE BRIGHT INVERTED 
21:15:36.508 [JavaFX Application Thread] INFO  org.example.fotosappsaa.controller.ImageController - Imagen f.elconfidencial.com_original_cff_223_3ae_cff2233aebb9af88415ba983f593a388.jpg procesada con éxito. Filtros aplicados: GREYSCALE BRIGHT INVERTED 
21:15:44.090 [JavaFX Application Thread] INFO  org.example.fotosappsaa.controller.ImageController - Imagen f.elconfidencial.com_original_cff_223_3ae_cff2233aebb9af88415ba983f593a388.jpg procesada con éxito. Filtros aplicados: GREYSCALE 
21:15:44.631 [JavaFX Application Thread] INFO  org.example.fotosappsaa.controller.ImageController - Imagen el-juego-del-calamar.jpg procesada con éxito. Filtros aplicados: GREYSCALE BRIGHT INVERTED 
21:15:45.749 [JavaFX Application Thread] INFO  org.example.fotosappsaa.controller.ImageController - Imagen calamar-juego-kpYC--1248x698@abc.jpg procesada con éxito. Filtros aplicados: GREYSCALE 
21:15:49.671 [JavaFX Application Thread] INFO  org.example.fotosappsaa.controller.ImageController - Imagen ca-times.brightspotcdn.jpg procesada con éxito. Filtros aplicados: BRIGHT INVERTED 
21:15:57.584 [JavaFX Application Thread] INFO  org.example.fotosappsaa.controller.ImageController - Imagen el-juego-del-calamar.jpg procesada con éxito. Filtros aplicados: GREYSCALE 
21:16:12.658 [JavaFX Application Thread] INFO  org.example.fotosappsaa.controller.ImageController - Imagen calamar-juego-kpYC--1248x698@abc.jpg procesada con éxito. Filtros aplicados: GREYSCALE BRIGHT INVERTED 
21:16:23.089 [JavaFX Application Thread] INFO  org.example.fotosappsaa.controller.ImageController - Imagen el-juego-del-calamar.jpg procesada con éxito. Filtros aplicados: GREYSCALE BRIGHT INVERTED 
21:16:23.663 [JavaFX Application Thread] INFO  org.example.fotosappsaa.controller.ImageController - Imagen f.elconfidencial.com_original_cff_223_3ae_cff2233aebb9af88415ba983f593a388.jpg procesada con éxito. Filtros aplicados: GREYSCALE BRIGHT INVERTED 
21:20:15.864 [JavaFX Application Thread] INFO  org.example.fotosappsaa.controller.ImageController - Imagen f.elconfidencial.com_original_cff_223_3ae_cff2233aebb9af88415ba983f593a388.jpg procesada con éxito. Filtros aplicados: GREYSCALE 
21:20:18.673 [JavaFX Application Thread] INFO  org.example.fotosappsaa.controller.ImageController - Imagen calamar-juego-kpYC--1248x698@abc.jpg procesada con éxito. Filtros aplicados: GREYSCALE INVERTED 
21:20:31.935 [JavaFX Application Thread] INFO  org.example.fotosappsaa.controller.ImageController - Imagen ca-times.brightspotcdn.jpg procesada con éxito. Filtros aplicados: GREYSCALE 
21:20:51.570 [JavaFX Application Thread] INFO  org.example.fotosappsaa.controller.ImageController - Imagen calamar-juego-kpYC--1248x698@abc.jpg procesada con éxito. Filtros aplicados: GREYSCALE INVERTED 
21:21:01.936 [JavaFX Application Thread] INFO  org.example.fotosappsaa.controller.ImageController - Imagen el-juego-del-calamar.jpg procesada con éxito. Filtros aplicados: INVERTED 
21:21:02.406 [JavaFX Application Thread] INFO  org.example.fotosappsaa.controller.ImageController - Imagen f.elconfidencial.com_original_cff_223_3ae_cff2233aebb9af88415ba983f593a388.jpg procesada con éxito. Filtros aplicados: BRIGHT 
21:21:25.715 [JavaFX Application Thread] INFO  org.example.fotosappsaa.controller.ImageController - Imagen calamar-juego-kpYC--1248x698@abc.jpg procesada con éxito. Filtros aplicados: GREYSCALE INVERTED 
21:21:30.595 [JavaFX Application Thread] INFO  org.example.fotosappsaa.controller.ImageController - Imagen f.elconfidencial.com_original_cff_223_3ae_cff2233aebb9af88415ba983f593a388.jpg procesada con éxito. Filtros aplicados: BRIGHT 
21:21:35.418 [JavaFX Application Thread] INFO  org.example.fotosappsaa.controller.ImageController - Imagen el-juego-del-calamar.jpg procesada con éxito. Filtros aplicados: INVERTED 
21:21:41.189 [JavaFX Application Thread] INFO  org.example.fotosappsaa.controller.ImageController - Imagen ca-times.brightspotcdn.jpg procesada con éxito. Filtros aplicados: INVERTED 
21:22:17.333 [JavaFX Application Thread] INFO  org.example.fotosappsaa.controller.ImageController - Imagen calamar-juego-kpYC--1248x698@abc.jpg procesada con éxito. Filtros aplicados: GREYSCALE INVERTED 
